This is XeTeX, Version 3.14159265-2.6-0.99998 (TeX Live 2017) (preloaded format=xelatex 2019.12.25)  26 DEC 2019 09:49
entering extended mode
 restricted \write18 enabled.
 %&-line parsing enabled.
**fontawesomesymbols-xeluatex.tex

(/usr/local/texlive/2017/texmf-dist/tex/latex/fontawesome/fontawesomesymbols-xe
luatex.tex
LaTeX2e <2017-04-15>
Babel <3.10> and hyphenation patterns for 84 language(s) loaded.
)
*
! Emergency stop.
<*> fontawesomesymbols-xeluatex.tex
                                   
End of file on the terminal!

 
Here is how much of TeX's memory you used:
 640 strings out of 493005
 10571 string characters out of 6134595
 66045 words of memory out of 5000000
 4712 multiletter control sequences out of 15000+600000
 3640 words of font info for 14 fonts, out of 8000000 for 9000
 1348 hyphenation exceptions out of 8191
 5i,0n,1p,174b,8s stack positions out of 5000i,500n,10000p,200000b,80000s
No pages of output.
